生成启动时间为 2019/7/12 17:43:00。
     1>项目“E:\myVCProject\fileMove\fileMove\fileMove.vcxproj”在节点 2 上(Build 个目标)。
     1>InitializeBuildStatus:
         正在对“x64\Release\fileMove.tlog\unsuccessfulbuild”执行 Touch 任务。
       CustomBuild:
         Moc'ing fileMove.h...
         Moc'ing qwaiting.h...
         Uic'ing qwaiting.ui...
     1>C:\Program Files (x86)\MSBuild\Microsoft.Cpp\v4.0\V120\Microsoft.CppBuild.targets(935,5): warning MSB8027: Two or more files with the name of moc_fileMove.cpp will produce outputs to the same location. This can lead to an incorrect build result.  The files involved are GeneratedFiles\Debug\moc_fileMove.cpp, GeneratedFiles\Release\moc_fileMove.cpp.
     1>C:\Program Files (x86)\MSBuild\Microsoft.Cpp\v4.0\V120\Microsoft.CppBuild.targets(935,5): warning MSB8027: Two or more files with the name of moc_qwaiting.cpp will produce outputs to the same location. This can lead to an incorrect build result.  The files involved are GeneratedFiles\Debug\moc_qwaiting.cpp, GeneratedFiles\Release\moc_qwaiting.cpp.
       ClCompile:
         D:\Program Files (x86)\Microsoft Visual Studio 12.0\VC\bin\x86_amd64\CL.exe /c /I.\GeneratedFiles /I. /ID:\Qt\Qt5.6.3\5.6.3\msvc2013_64\include /I.\GeneratedFiles\Release /ID:\Qt\Qt5.6.3\5.6.3\msvc2013_64\include\QtCore /ID:\Qt\Qt5.6.3\5.6.3\msvc2013_64\include\QtGui /ID:\Qt\Qt5.6.3\5.6.3\msvc2013_64\include\QtWidgets /nologo /W1 /WX- /O2 /D UNICODE /D WIN32 /D WIN64 /D QT_DLL /D QT_NO_DEBUG /D NDEBUG /D QT_CORE_LIB /D QT_GUI_LIB /D QT_WIDGETS_LIB /Gm- /EHsc /MD /GS /fp:precise /Zc:wchar_t /Zc:forScope /Fo"x64\Release\\" /Fd"x64\Release\vc120.pdb" /Gd /TP /errorReport:prompt fileMove.cpp GeneratedFiles\Release\moc_fileMove.cpp GeneratedFiles\Release\moc_qwaiting.cpp main.cpp qwaiting.cpp
         fileMove.cpp
         moc_fileMove.cpp
         moc_qwaiting.cpp
         main.cpp
         qwaiting.cpp
         正在生成代码...
         D:\Program Files (x86)\Microsoft Visual Studio 12.0\VC\bin\x86_amd64\CL.exe /c /I.\GeneratedFiles /I. /ID:\Qt\Qt5.6.3\5.6.3\msvc2013_64\include /I.\GeneratedFiles\Release /ID:\Qt\Qt5.6.3\5.6.3\msvc2013_64\include\QtCore /ID:\Qt\Qt5.6.3\5.6.3\msvc2013_64\include\QtGui /ID:\Qt\Qt5.6.3\5.6.3\msvc2013_64\include\QtWidgets /nologo /W1 /WX- /O2 /D UNICODE /D WIN32 /D WIN64 /D QT_DLL /D QT_NO_DEBUG /D NDEBUG /D QT_CORE_LIB /D QT_GUI_LIB /D QT_WIDGETS_LIB /Gm- /EHsc /MD /GS /fp:precise /Zc:wchar_t /Zc:forScope /Fo"x64\Release\\" /Fd"x64\Release\vc120.pdb" /Gd /TP /errorReport:prompt GeneratedFiles\qrc_fileMove.cpp
         qrc_fileMove.cpp
       Link:
         D:\Program Files (x86)\Microsoft Visual Studio 12.0\VC\bin\x86_amd64\link.exe /ERRORREPORT:PROMPT /OUT:"E:\myVCProject\fileMove\x64\Release\\fileMove.exe" /NOLOGO /LIBPATH:D:\Qt\Qt5.6.3\5.6.3\msvc2013_64\lib qtmain.lib Qt5Core.lib Qt5Gui.lib Qt5Widgets.lib kernel32.lib user32.lib gdi32.lib winspool.lib comdlg32.lib advapi32.lib shell32.lib ole32.lib oleaut32.lib uuid.lib odbc32.lib odbccp32.lib /MANIFEST /MANIFESTUAC:"level='asInvoker' uiAccess='false'" /manifest:embed /PDB:"E:\myVCProject\fileMove\x64\Release\fileMove.pdb" /SUBSYSTEM:WINDOWS /TLBID:1 /DYNAMICBASE /NXCOMPAT /IMPLIB:"E:\myVCProject\fileMove\x64\Release\fileMove.lib" /MACHINE:X64 x64\Release\fileMove.obj
         x64\Release\qrc_fileMove.obj
         x64\Release\moc_fileMove.obj
         x64\Release\moc_qwaiting.obj
         x64\Release\main.obj
         x64\Release\qwaiting.obj
         fileMove.vcxproj -> E:\myVCProject\fileMove\x64\Release\fileMove.exe
       FinalizeBuildStatus:
         正在删除文件“x64\Release\fileMove.tlog\unsuccessfulbuild”。
         正在对“x64\Release\fileMove.tlog\fileMove.lastbuildstate”执行 Touch 任务。
     1>已完成生成项目“E:\myVCProject\fileMove\fileMove\fileMove.vcxproj”(Build 个目标)的操作。

生成成功。

已用时间 00:00:26.22
